<?xml version="1.0" encoding="UTF-8"?>
<coverage generated="1773095467106" clover="3.2.0">
  <project timestamp="1773095467107" name="All files">
    <metrics statements="26" coveredstatements="26" conditionals="2" coveredconditionals="2" methods="32" coveredmethods="32" elements="60" coveredelements="60" complexity="0" loc="26" ncloc="26" packages="5" files="14" classes="14"/>
    <package name="src">
      <metrics statements="4" coveredstatements="4" conditionals="2" coveredconditionals="2" methods="2" coveredmethods="2"/>
      <file name="index.ts" path="/home/usuario/prct06-generics-solid-Sofiabethencourt/src/index.ts">
        <metrics statements="4" coveredstatements="4" conditionals="2" coveredconditionals="2" methods="2" coveredmethods="2"/>
        <line num="14" count="3" type="stmt"/>
        <line num="15" count="3" type="cond" truecount="2" falsecount="0"/>
        <line num="16" count="2" type="stmt"/>
        <line num="18" count="3" type="stmt"/>
      </file>
    </package>
    <package name="src.ejercicio-1.clases">
      <metrics statements="5" coveredstatements="5" conditionals="0" coveredconditionals="0" methods="3" coveredmethods="3"/>
      <file name="Holocron.ts" path="/home/usuario/prct06-generics-solid-Sofiabethencourt/src/ejercicio-1/clases/Holocron.ts">
        <metrics statements="1" coveredstatements="1" conditionals="0" coveredconditionals="0" methods="1" coveredmethods="1"/>
        <line num="11" count="21" type="stmt"/>
      </file>
      <file name="JediMaster.ts" path="/home/usuario/prct06-generics-solid-Sofiabethencourt/src/ejercicio-1/clases/JediMaster.ts">
        <metrics statements="2" coveredstatements="2" conditionals="0" coveredconditionals="0" methods="1" coveredmethods="1"/>
        <line num="13" count="21" type="stmt"/>
        <line num="14" count="21" type="stmt"/>
      </file>
      <file name="StarShip.ts" path="/home/usuario/prct06-generics-solid-Sofiabethencourt/src/ejercicio-1/clases/StarShip.ts">
        <metrics statements="2" coveredstatements="2" conditionals="0" coveredconditionals="0" methods="1" coveredmethods="1"/>
        <line num="13" count="21" type="stmt"/>
        <line num="14" count="21" type="stmt"/>
      </file>
    </package>
    <package name="src.ejercicio-1.clases_abstractas">
      <metrics statements="5" coveredstatements="5" conditionals="0" coveredconditionals="0" methods="6" coveredmethods="6"/>
      <file name="BasicGalacticCollection.ts" path="/home/usuario/prct06-generics-solid-Sofiabethencourt/src/ejercicio-1/clases_abstractas/BasicGalacticCollection.ts">
        <metrics statements="5" coveredstatements="5" conditionals="0" coveredconditionals="0" methods="6" coveredmethods="6"/>
        <line num="10" count="63" type="stmt"/>
        <line num="17" count="21" type="stmt"/>
        <line num="25" count="3" type="stmt"/>
        <line num="33" count="6" type="stmt"/>
        <line num="42" count="3" type="stmt"/>
      </file>
    </package>
    <package name="src.ejercicio-1.collections">
      <metrics statements="12" coveredstatements="12" conditionals="0" coveredconditionals="0" methods="21" coveredmethods="21"/>
      <file name="HolocronCollection.ts" path="/home/usuario/prct06-generics-solid-Sofiabethencourt/src/ejercicio-1/collections/HolocronCollection.ts">
        <metrics statements="4" coveredstatements="4" conditionals="0" coveredconditionals="0" methods="6" coveredmethods="6"/>
        <line num="20" count="1" type="stmt"/>
        <line num="29" count="1" type="stmt"/>
        <line num="39" count="1" type="stmt"/>
        <line num="49" count="1" type="stmt"/>
      </file>
      <file name="JediMasterCollection.ts" path="/home/usuario/prct06-generics-solid-Sofiabethencourt/src/ejercicio-1/collections/JediMasterCollection.ts">
        <metrics statements="4" coveredstatements="4" conditionals="0" coveredconditionals="0" methods="8" coveredmethods="8"/>
        <line num="23" count="1" type="stmt"/>
        <line num="33" count="1" type="stmt"/>
        <line num="43" count="1" type="stmt"/>
        <line num="53" count="1" type="stmt"/>
      </file>
      <file name="StarshipCollection.ts" path="/home/usuario/prct06-generics-solid-Sofiabethencourt/src/ejercicio-1/collections/StarshipCollection.ts">
        <metrics statements="4" coveredstatements="4" conditionals="0" coveredconditionals="0" methods="7" coveredmethods="7"/>
        <line num="22" count="1" type="stmt"/>
        <line num="32" count="1" type="stmt"/>
        <line num="42" count="1" type="stmt"/>
        <line num="52" count="1" type="stmt"/>
      </file>
    </package>
    <package name="src.ejercicio-1.interfaces">
      <metrics statements="0" coveredstatements="0" conditionals="0" coveredconditionals="0" methods="0" coveredmethods="0"/>
      <file name="GalacticRegistry.ts" path="/home/usuario/prct06-generics-solid-Sofiabethencourt/src/ejercicio-1/interfaces/GalacticRegistry.ts">
        <metrics statements="0" coveredstatements="0" conditionals="0" coveredconditionals="0" methods="0" coveredmethods="0"/>
      </file>
      <file name="SearchByAffiliation.ts" path="/home/usuario/prct06-generics-solid-Sofiabethencourt/src/ejercicio-1/interfaces/SearchByAffiliation.ts">
        <metrics statements="0" coveredstatements="0" conditionals="0" coveredconditionals="0" methods="0" coveredmethods="0"/>
      </file>
      <file name="SearchByName.ts" path="/home/usuario/prct06-generics-solid-Sofiabethencourt/src/ejercicio-1/interfaces/SearchByName.ts">
        <metrics statements="0" coveredstatements="0" conditionals="0" coveredconditionals="0" methods="0" coveredmethods="0"/>
      </file>
      <file name="SearchByOriginalPlanet.ts" path="/home/usuario/prct06-generics-solid-Sofiabethencourt/src/ejercicio-1/interfaces/SearchByOriginalPlanet.ts">
        <metrics statements="0" coveredstatements="0" conditionals="0" coveredconditionals="0" methods="0" coveredmethods="0"/>
      </file>
      <file name="SearchByPower.ts" path="/home/usuario/prct06-generics-solid-Sofiabethencourt/src/ejercicio-1/interfaces/SearchByPower.ts">
        <metrics statements="0" coveredstatements="0" conditionals="0" coveredconditionals="0" methods="0" coveredmethods="0"/>
      </file>
      <file name="SearchByYear.ts" path="/home/usuario/prct06-generics-solid-Sofiabethencourt/src/ejercicio-1/interfaces/SearchByYear.ts">
        <metrics statements="0" coveredstatements="0" conditionals="0" coveredconditionals="0" methods="0" coveredmethods="0"/>
      </file>
    </package>
  </project>
</coverage>
