<?xml version="1.0" encoding="UTF-8"?>
<coverage generated="1773315178602" clover="3.2.0">
  <project timestamp="1773315178602" name="All files">
    <metrics statements="104" coveredstatements="104" conditionals="10" coveredconditionals="10" methods="105" coveredmethods="105" elements="219" coveredelements="219" complexity="0" loc="104" ncloc="104" packages="14" files="42" classes="42"/>
    <package name="src">
      <metrics statements="4" coveredstatements="4" conditionals="2" coveredconditionals="2" methods="2" coveredmethods="2"/>
      <file name="index.ts" path="/workspaces/prct06-generics-solid-Sofiabethencourt/src/index.ts">
        <metrics statements="4" coveredstatements="4" conditionals="2" coveredconditionals="2" methods="2" coveredmethods="2"/>
        <line num="14" count="3" type="stmt"/>
        <line num="15" count="3" type="cond" truecount="2" falsecount="0"/>
        <line num="16" count="2" type="stmt"/>
        <line num="18" count="3" type="stmt"/>
      </file>
    </package>
    <package name="src.ejercicio-1.clases">
      <metrics statements="5" coveredstatements="5" conditionals="0" coveredconditionals="0" methods="3" coveredmethods="3"/>
      <file name="Holocron.ts" path="/workspaces/prct06-generics-solid-Sofiabethencourt/src/ejercicio-1/clases/Holocron.ts">
        <metrics statements="1" coveredstatements="1" conditionals="0" coveredconditionals="0" methods="1" coveredmethods="1"/>
        <line num="11" count="21" type="stmt"/>
      </file>
      <file name="JediMaster.ts" path="/workspaces/prct06-generics-solid-Sofiabethencourt/src/ejercicio-1/clases/JediMaster.ts">
        <metrics statements="2" coveredstatements="2" conditionals="0" coveredconditionals="0" methods="1" coveredmethods="1"/>
        <line num="13" count="21" type="stmt"/>
        <line num="14" count="21" type="stmt"/>
      </file>
      <file name="StarShip.ts" path="/workspaces/prct06-generics-solid-Sofiabethencourt/src/ejercicio-1/clases/StarShip.ts">
        <metrics statements="2" coveredstatements="2" conditionals="0" coveredconditionals="0" methods="1" coveredmethods="1"/>
        <line num="13" count="21" type="stmt"/>
        <line num="14" count="21" type="stmt"/>
      </file>
    </package>
    <package name="src.ejercicio-1.clases_abstractas">
      <metrics statements="5" coveredstatements="5" conditionals="0" coveredconditionals="0" methods="6" coveredmethods="6"/>
      <file name="BasicGalacticCollection.ts" path="/workspaces/prct06-generics-solid-Sofiabethencourt/src/ejercicio-1/clases_abstractas/BasicGalacticCollection.ts">
        <metrics statements="5" coveredstatements="5" conditionals="0" coveredconditionals="0" methods="6" coveredmethods="6"/>
        <line num="10" count="63" type="stmt"/>
        <line num="17" count="21" type="stmt"/>
        <line num="25" count="3" type="stmt"/>
        <line num="33" count="6" type="stmt"/>
        <line num="42" count="3" type="stmt"/>
      </file>
    </package>
    <package name="src.ejercicio-1.collections">
      <metrics statements="12" coveredstatements="12" conditionals="0" coveredconditionals="0" methods="21" coveredmethods="21"/>
      <file name="HolocronCollection.ts" path="/workspaces/prct06-generics-solid-Sofiabethencourt/src/ejercicio-1/collections/HolocronCollection.ts">
        <metrics statements="4" coveredstatements="4" conditionals="0" coveredconditionals="0" methods="6" coveredmethods="6"/>
        <line num="20" count="1" type="stmt"/>
        <line num="29" count="1" type="stmt"/>
        <line num="39" count="1" type="stmt"/>
        <line num="49" count="1" type="stmt"/>
      </file>
      <file name="JediMasterCollection.ts" path="/workspaces/prct06-generics-solid-Sofiabethencourt/src/ejercicio-1/collections/JediMasterCollection.ts">
        <metrics statements="4" coveredstatements="4" conditionals="0" coveredconditionals="0" methods="8" coveredmethods="8"/>
        <line num="23" count="1" type="stmt"/>
        <line num="33" count="1" type="stmt"/>
        <line num="43" count="1" type="stmt"/>
        <line num="53" count="1" type="stmt"/>
      </file>
      <file name="StarshipCollection.ts" path="/workspaces/prct06-generics-solid-Sofiabethencourt/src/ejercicio-1/collections/StarshipCollection.ts">
        <metrics statements="4" coveredstatements="4" conditionals="0" coveredconditionals="0" methods="7" coveredmethods="7"/>
        <line num="22" count="1" type="stmt"/>
        <line num="32" count="1" type="stmt"/>
        <line num="42" count="1" type="stmt"/>
        <line num="52" count="1" type="stmt"/>
      </file>
    </package>
    <package name="src.ejercicio-1.interfaces">
      <metrics statements="0" coveredstatements="0" conditionals="0" coveredconditionals="0" methods="0" coveredmethods="0"/>
      <file name="GalacticRegistry.ts" path="/workspaces/prct06-generics-solid-Sofiabethencourt/src/ejercicio-1/interfaces/GalacticRegistry.ts">
        <metrics statements="0" coveredstatements="0" conditionals="0" coveredconditionals="0" methods="0" coveredmethods="0"/>
      </file>
      <file name="SearchByAffiliation.ts" path="/workspaces/prct06-generics-solid-Sofiabethencourt/src/ejercicio-1/interfaces/SearchByAffiliation.ts">
        <metrics statements="0" coveredstatements="0" conditionals="0" coveredconditionals="0" methods="0" coveredmethods="0"/>
      </file>
      <file name="SearchByName.ts" path="/workspaces/prct06-generics-solid-Sofiabethencourt/src/ejercicio-1/interfaces/SearchByName.ts">
        <metrics statements="0" coveredstatements="0" conditionals="0" coveredconditionals="0" methods="0" coveredmethods="0"/>
      </file>
      <file name="SearchByOriginalPlanet.ts" path="/workspaces/prct06-generics-solid-Sofiabethencourt/src/ejercicio-1/interfaces/SearchByOriginalPlanet.ts">
        <metrics statements="0" coveredstatements="0" conditionals="0" coveredconditionals="0" methods="0" coveredmethods="0"/>
      </file>
      <file name="SearchByPower.ts" path="/workspaces/prct06-generics-solid-Sofiabethencourt/src/ejercicio-1/interfaces/SearchByPower.ts">
        <metrics statements="0" coveredstatements="0" conditionals="0" coveredconditionals="0" methods="0" coveredmethods="0"/>
      </file>
      <file name="SearchByYear.ts" path="/workspaces/prct06-generics-solid-Sofiabethencourt/src/ejercicio-1/interfaces/SearchByYear.ts">
        <metrics statements="0" coveredstatements="0" conditionals="0" coveredconditionals="0" methods="0" coveredmethods="0"/>
      </file>
    </package>
    <package name="src.ejercicio-2.Busquedas">
      <metrics statements="10" coveredstatements="10" conditionals="0" coveredconditionals="0" methods="18" coveredmethods="18"/>
      <file name="SeachChef.ts" path="/workspaces/prct06-generics-solid-Sofiabethencourt/src/ejercicio-2/Busquedas/SeachChef.ts">
        <metrics statements="3" coveredstatements="3" conditionals="0" coveredconditionals="0" methods="5" coveredmethods="5"/>
        <line num="8" count="6" type="stmt"/>
        <line num="11" count="2" type="stmt"/>
        <line num="15" count="2" type="stmt"/>
      </file>
      <file name="SearchPaso.ts" path="/workspaces/prct06-generics-solid-Sofiabethencourt/src/ejercicio-2/Busquedas/SearchPaso.ts">
        <metrics statements="4" coveredstatements="4" conditionals="0" coveredconditionals="0" methods="8" coveredmethods="8"/>
        <line num="9" count="9" type="stmt"/>
        <line num="12" count="2" type="stmt"/>
        <line num="16" count="2" type="stmt"/>
        <line num="20" count="2" type="stmt"/>
      </file>
      <file name="SearchReceta.ts" path="/workspaces/prct06-generics-solid-Sofiabethencourt/src/ejercicio-2/Busquedas/SearchReceta.ts">
        <metrics statements="3" coveredstatements="3" conditionals="0" coveredconditionals="0" methods="5" coveredmethods="5"/>
        <line num="8" count="6" type="stmt"/>
        <line num="11" count="2" type="stmt"/>
        <line num="15" count="2" type="stmt"/>
      </file>
    </package>
    <package name="src.ejercicio-2.Herramientas">
      <metrics statements="6" coveredstatements="6" conditionals="0" coveredconditionals="0" methods="2" coveredmethods="2"/>
      <file name="PasoConHerramienta.ts" path="/workspaces/prct06-generics-solid-Sofiabethencourt/src/ejercicio-2/Herramientas/PasoConHerramienta.ts">
        <metrics statements="3" coveredstatements="3" conditionals="0" coveredconditionals="0" methods="1" coveredmethods="1"/>
        <line num="16" count="1" type="stmt"/>
        <line num="17" count="1" type="stmt"/>
        <line num="18" count="1" type="stmt"/>
      </file>
      <file name="PasoConTemperatura.ts" path="/workspaces/prct06-generics-solid-Sofiabethencourt/src/ejercicio-2/Herramientas/PasoConTemperatura.ts">
        <metrics statements="3" coveredstatements="3" conditionals="0" coveredconditionals="0" methods="1" coveredmethods="1"/>
        <line num="16" count="1" type="stmt"/>
        <line num="17" count="1" type="stmt"/>
        <line num="18" count="1" type="stmt"/>
      </file>
    </package>
    <package name="src.ejercicio-2.Servicios">
      <metrics statements="9" coveredstatements="9" conditionals="2" coveredconditionals="2" methods="4" coveredmethods="4"/>
      <file name="recipeTimeEstimator.ts" path="/workspaces/prct06-generics-solid-Sofiabethencourt/src/ejercicio-2/Servicios/recipeTimeEstimator.ts">
        <metrics statements="8" coveredstatements="8" conditionals="2" coveredconditionals="2" methods="3" coveredmethods="3"/>
        <line num="12" count="1" type="stmt"/>
        <line num="21" count="1" type="stmt"/>
        <line num="22" count="1" type="stmt"/>
        <line num="23" count="1" type="stmt"/>
        <line num="24" count="2" type="stmt"/>
        <line num="25" count="2" type="cond" truecount="2" falsecount="0"/>
        <line num="26" count="1" type="stmt"/>
        <line num="29" count="1" type="stmt"/>
      </file>
      <file name="tablePresenter.ts" path="/workspaces/prct06-generics-solid-Sofiabethencourt/src/ejercicio-2/Servicios/tablePresenter.ts">
        <metrics statements="1" coveredstatements="1" conditionals="0" coveredconditionals="0" methods="1" coveredmethods="1"/>
        <line num="12" count="2" type="stmt"/>
      </file>
    </package>
    <package name="src.ejercicio-2.clases">
      <metrics statements="4" coveredstatements="4" conditionals="0" coveredconditionals="0" methods="3" coveredmethods="3"/>
      <file name="chef.ts" path="/workspaces/prct06-generics-solid-Sofiabethencourt/src/ejercicio-2/clases/chef.ts">
        <metrics statements="1" coveredstatements="1" conditionals="0" coveredconditionals="0" methods="1" coveredmethods="1"/>
        <line num="14" count="14" type="stmt"/>
      </file>
      <file name="pasos.ts" path="/workspaces/prct06-generics-solid-Sofiabethencourt/src/ejercicio-2/clases/pasos.ts">
        <metrics statements="2" coveredstatements="2" conditionals="0" coveredconditionals="0" methods="1" coveredmethods="1"/>
        <line num="17" count="24" type="stmt"/>
        <line num="18" count="24" type="stmt"/>
      </file>
      <file name="receta.ts" path="/workspaces/prct06-generics-solid-Sofiabethencourt/src/ejercicio-2/clases/receta.ts">
        <metrics statements="1" coveredstatements="1" conditionals="0" coveredconditionals="0" methods="1" coveredmethods="1"/>
        <line num="14" count="14" type="stmt"/>
      </file>
    </package>
    <package name="src.ejercicio-2.colecciones">
      <metrics statements="15" coveredstatements="15" conditionals="0" coveredconditionals="0" methods="19" coveredmethods="19"/>
      <file name="ChefRepository.ts" path="/workspaces/prct06-generics-solid-Sofiabethencourt/src/ejercicio-2/colecciones/ChefRepository.ts">
        <metrics statements="5" coveredstatements="5" conditionals="0" coveredconditionals="0" methods="7" coveredmethods="7"/>
        <line num="5" count="6" type="stmt"/>
        <line num="10" count="7" type="stmt"/>
        <line num="14" count="1" type="stmt"/>
        <line num="18" count="1" type="stmt"/>
        <line num="22" count="2" type="stmt"/>
      </file>
      <file name="PasosRepository.ts" path="/workspaces/prct06-generics-solid-Sofiabethencourt/src/ejercicio-2/colecciones/PasosRepository.ts">
        <metrics statements="5" coveredstatements="5" conditionals="0" coveredconditionals="0" methods="6" coveredmethods="6"/>
        <line num="5" count="9" type="stmt"/>
        <line num="8" count="9" type="stmt"/>
        <line num="12" count="1" type="stmt"/>
        <line num="16" count="1" type="stmt"/>
        <line num="20" count="2" type="stmt"/>
      </file>
      <file name="RecetaRepository.ts" path="/workspaces/prct06-generics-solid-Sofiabethencourt/src/ejercicio-2/colecciones/RecetaRepository.ts">
        <metrics statements="5" coveredstatements="5" conditionals="0" coveredconditionals="0" methods="6" coveredmethods="6"/>
        <line num="5" count="6" type="stmt"/>
        <line num="8" count="7" type="stmt"/>
        <line num="12" count="1" type="stmt"/>
        <line num="16" count="1" type="stmt"/>
        <line num="20" count="2" type="stmt"/>
      </file>
    </package>
    <package name="src.ejercicio-2.interfaces">
      <metrics statements="0" coveredstatements="0" conditionals="0" coveredconditionals="0" methods="0" coveredmethods="0"/>
      <file name="Repository.ts" path="/workspaces/prct06-generics-solid-Sofiabethencourt/src/ejercicio-2/interfaces/Repository.ts">
        <metrics statements="0" coveredstatements="0" conditionals="0" coveredconditionals="0" methods="0" coveredmethods="0"/>
      </file>
      <file name="SeachByTags.ts" path="/workspaces/prct06-generics-solid-Sofiabethencourt/src/ejercicio-2/interfaces/SeachByTags.ts">
        <metrics statements="0" coveredstatements="0" conditionals="0" coveredconditionals="0" methods="0" coveredmethods="0"/>
      </file>
      <file name="SearchByFollowers.ts" path="/workspaces/prct06-generics-solid-Sofiabethencourt/src/ejercicio-2/interfaces/SearchByFollowers.ts">
        <metrics statements="0" coveredstatements="0" conditionals="0" coveredconditionals="0" methods="0" coveredmethods="0"/>
      </file>
      <file name="SearchByName.ts" path="/workspaces/prct06-generics-solid-Sofiabethencourt/src/ejercicio-2/interfaces/SearchByName.ts">
        <metrics statements="0" coveredstatements="0" conditionals="0" coveredconditionals="0" methods="0" coveredmethods="0"/>
      </file>
      <file name="SearchByOpcionality.ts" path="/workspaces/prct06-generics-solid-Sofiabethencourt/src/ejercicio-2/interfaces/SearchByOpcionality.ts">
        <metrics statements="0" coveredstatements="0" conditionals="0" coveredconditionals="0" methods="0" coveredmethods="0"/>
      </file>
      <file name="SearchByYear.ts" path="/workspaces/prct06-generics-solid-Sofiabethencourt/src/ejercicio-2/interfaces/SearchByYear.ts">
        <metrics statements="0" coveredstatements="0" conditionals="0" coveredconditionals="0" methods="0" coveredmethods="0"/>
      </file>
      <file name="TablePresenter.ts" path="/workspaces/prct06-generics-solid-Sofiabethencourt/src/ejercicio-2/interfaces/TablePresenter.ts">
        <metrics statements="0" coveredstatements="0" conditionals="0" coveredconditionals="0" methods="0" coveredmethods="0"/>
      </file>
      <file name="elementosChef.ts" path="/workspaces/prct06-generics-solid-Sofiabethencourt/src/ejercicio-2/interfaces/elementosChef.ts">
        <metrics statements="0" coveredstatements="0" conditionals="0" coveredconditionals="0" methods="0" coveredmethods="0"/>
      </file>
      <file name="elementosPasos.ts" path="/workspaces/prct06-generics-solid-Sofiabethencourt/src/ejercicio-2/interfaces/elementosPasos.ts">
        <metrics statements="0" coveredstatements="0" conditionals="0" coveredconditionals="0" methods="0" coveredmethods="0"/>
      </file>
      <file name="elementosReceta.ts" path="/workspaces/prct06-generics-solid-Sofiabethencourt/src/ejercicio-2/interfaces/elementosReceta.ts">
        <metrics statements="0" coveredstatements="0" conditionals="0" coveredconditionals="0" methods="0" coveredmethods="0"/>
      </file>
    </package>
    <package name="src.ejercicio-PE.claseGenerica">
      <metrics statements="16" coveredstatements="16" conditionals="6" coveredconditionals="6" methods="11" coveredmethods="11"/>
      <file name="CookBook.ts" path="/workspaces/prct06-generics-solid-Sofiabethencourt/src/ejercicio-PE/claseGenerica/CookBook.ts">
        <metrics statements="16" coveredstatements="16" conditionals="6" coveredconditionals="6" methods="11" coveredmethods="11"/>
        <line num="14" count="9" type="stmt"/>
        <line num="22" count="12" type="stmt"/>
        <line num="31" count="3" type="stmt"/>
        <line num="32" count="3" type="stmt"/>
        <line num="33" count="5" type="cond" truecount="2" falsecount="0"/>
        <line num="36" count="3" type="stmt"/>
        <line num="45" count="2" type="stmt"/>
        <line num="53" count="6" type="stmt"/>
        <line num="62" count="1" type="stmt"/>
        <line num="63" count="1" type="stmt"/>
        <line num="64" count="2" type="cond" truecount="2" falsecount="0"/>
        <line num="67" count="1" type="stmt"/>
        <line num="75" count="2" type="cond" truecount="2" falsecount="0"/>
        <line num="77" count="1" type="stmt"/>
        <line num="78" count="2" type="stmt"/>
        <line num="79" count="1" type="stmt"/>
      </file>
    </package>
    <package name="src.ejercicio-PE.clases">
      <metrics statements="18" coveredstatements="18" conditionals="0" coveredconditionals="0" methods="16" coveredmethods="16"/>
      <file name="Dessert.ts" path="/workspaces/prct06-generics-solid-Sofiabethencourt/src/ejercicio-PE/clases/Dessert.ts">
        <metrics statements="2" coveredstatements="2" conditionals="0" coveredconditionals="0" methods="1" coveredmethods="1"/>
        <line num="13" count="1" type="stmt"/>
        <line num="14" count="1" type="stmt"/>
      </file>
      <file name="Salty.ts" path="/workspaces/prct06-generics-solid-Sofiabethencourt/src/ejercicio-PE/clases/Salty.ts">
        <metrics statements="7" coveredstatements="7" conditionals="0" coveredconditionals="0" methods="7" coveredmethods="7"/>
        <line num="18" count="10" type="stmt"/>
        <line num="21" count="1" type="stmt"/>
        <line num="22" count="1" type="stmt"/>
        <line num="23" count="1" type="stmt"/>
        <line num="24" count="1" type="stmt"/>
        <line num="31" count="1" type="stmt"/>
        <line num="39" count="3" type="stmt"/>
      </file>
      <file name="Sweet.ts" path="/workspaces/prct06-generics-solid-Sofiabethencourt/src/ejercicio-PE/clases/Sweet.ts">
        <metrics statements="9" coveredstatements="9" conditionals="0" coveredconditionals="0" methods="8" coveredmethods="8"/>
        <line num="21" count="10" type="stmt"/>
        <line num="22" count="10" type="stmt"/>
        <line num="25" count="1" type="stmt"/>
        <line num="26" count="1" type="stmt"/>
        <line num="27" count="1" type="stmt"/>
        <line num="28" count="1" type="stmt"/>
        <line num="29" count="1" type="stmt"/>
        <line num="36" count="1" type="stmt"/>
        <line num="44" count="3" type="stmt"/>
      </file>
    </package>
    <package name="src.ejercicio-PE.interfaces">
      <metrics statements="0" coveredstatements="0" conditionals="0" coveredconditionals="0" methods="0" coveredmethods="0"/>
      <file name="iElaborable.ts" path="/workspaces/prct06-generics-solid-Sofiabethencourt/src/ejercicio-PE/interfaces/iElaborable.ts">
        <metrics statements="0" coveredstatements="0" conditionals="0" coveredconditionals="0" methods="0" coveredmethods="0"/>
      </file>
    </package>
  </project>
</coverage>
