{"/home/usuario/prct06-generics-solid-Sofiabethencourt/src/index.ts": {"path":"/home/usuario/prct06-generics-solid-Sofiabethencourt/src/index.ts","statementMap":{"0":{"start":{"line":14,"column":15},"end":{"line":14,"column":null}},"1":{"start":{"line":15,"column":2},"end":{"line":17,"column":null}},"2":{"start":{"line":16,"column":4},"end":{"line":16,"column":null}},"3":{"start":{"line":16,"column":57},"end":{"line":16,"column":71}},"4":{"start":{"line":18,"column":2},"end":{"line":18,"column":null}}},"fnMap":{"0":{"name":"add","decl":{"start":{"line":13,"column":16},"end":{"line":13,"column":20}},"loc":{"start":{"line":13,"column":94},"end":{"line":19,"column":null}},"line":13},"1":{"name":"(anonymous_1)","decl":{"start":{"line":16,"column":38},"end":{"line":16,"column":39}},"loc":{"start":{"line":16,"column":57},"end":{"line":16,"column":71}},"line":16}},"branchMap":{"0":{"loc":{"start":{"line":15,"column":2},"end":{"line":17,"column":null}},"type":"if","locations":[{"start":{"line":15,"column":2},"end":{"line":17,"column":null}},{"start":{},"end":{}}],"line":15}},"s":{"0":3,"1":3,"2":1,"3":2,"4":3},"f":{"0":3,"1":2},"b":{"0":[1,2]},"meta":{"lastBranch":1,"lastFunction":2,"lastStatement":5,"seen":{"f:13:16:13:20":0,"s:14:15:14:Infinity":0,"b:15:2:17:Infinity:undefined:undefined:undefined:undefined":0,"s:15:2:17:Infinity":1,"s:16:4:16:Infinity":2,"f:16:38:16:39":1,"s:16:57:16:71":3,"s:18:2:18:Infinity":4}}}
,"/home/usuario/prct06-generics-solid-Sofiabethencourt/src/ejercicio-1/clases/Holocron.ts": {"path":"/home/usuario/prct06-generics-solid-Sofiabethencourt/src/ejercicio-1/clases/Holocron.ts","statementMap":{"0":{"start":{"line":11,"column":24},"end":{"line":11,"column":45}},"1":{"start":{"line":11,"column":45},"end":{"line":11,"column":66}},"2":{"start":{"line":11,"column":66},"end":{"line":11,"column":91}}},"fnMap":{"0":{"name":"(anonymous_0)","decl":{"start":{"line":11,"column":4},"end":{"line":11,"column":24}},"loc":{"start":{"line":11,"column":91},"end":{"line":11,"column":null}},"line":11}},"branchMap":{},"s":{"0":21,"1":21,"2":21},"f":{"0":21},"b":{},"meta":{"lastBranch":0,"lastFunction":1,"lastStatement":3,"seen":{"f:11:4:11:24":0,"s:11:24:11:45":0,"s:11:45:11:66":1,"s:11:66:11:91":2}}}
,"/home/usuario/prct06-generics-solid-Sofiabethencourt/src/ejercicio-1/clases/JediMaster.ts": {"path":"/home/usuario/prct06-generics-solid-Sofiabethencourt/src/ejercicio-1/clases/JediMaster.ts","statementMap":{"0":{"start":{"line":13,"column":24},"end":{"line":13,"column":45}},"1":{"start":{"line":13,"column":45},"end":{"line":13,"column":73}},"2":{"start":{"line":13,"column":73},"end":{"line":13,"column":95}},"3":{"start":{"line":13,"column":95},"end":{"line":13,"column":null}},"4":{"start":{"line":14,"column":24},"end":{"line":14,"column":49}}},"fnMap":{"0":{"name":"(anonymous_0)","decl":{"start":{"line":13,"column":4},"end":{"line":13,"column":24}},"loc":{"start":{"line":14,"column":49},"end":{"line":14,"column":null}},"line":14}},"branchMap":{},"s":{"0":21,"1":21,"2":21,"3":21,"4":21},"f":{"0":21},"b":{},"meta":{"lastBranch":0,"lastFunction":1,"lastStatement":5,"seen":{"f:13:4:13:24":0,"s:13:24:13:45":0,"s:13:45:13:73":1,"s:13:73:13:95":2,"s:13:95:13:Infinity":3,"s:14:24:14:49":4}}}
,"/home/usuario/prct06-generics-solid-Sofiabethencourt/src/ejercicio-1/clases/StarShip.ts": {"path":"/home/usuario/prct06-generics-solid-Sofiabethencourt/src/ejercicio-1/clases/StarShip.ts","statementMap":{"0":{"start":{"line":13,"column":24},"end":{"line":13,"column":45}},"1":{"start":{"line":13,"column":45},"end":{"line":13,"column":73}},"2":{"start":{"line":13,"column":73},"end":{"line":13,"column":null}},"3":{"start":{"line":14,"column":24},"end":{"line":14,"column":49}}},"fnMap":{"0":{"name":"(anonymous_0)","decl":{"start":{"line":13,"column":4},"end":{"line":13,"column":24}},"loc":{"start":{"line":14,"column":49},"end":{"line":14,"column":null}},"line":14}},"branchMap":{},"s":{"0":21,"1":21,"2":21,"3":21},"f":{"0":21},"b":{},"meta":{"lastBranch":0,"lastFunction":1,"lastStatement":4,"seen":{"f:13:4:13:24":0,"s:13:24:13:45":0,"s:13:45:13:73":1,"s:13:73:13:Infinity":2,"s:14:24:14:49":3}}}
,"/home/usuario/prct06-generics-solid-Sofiabethencourt/src/ejercicio-1/clases_abstractas/BasicGalacticCollection.ts": {"path":"/home/usuario/prct06-generics-solid-Sofiabethencourt/src/ejercicio-1/clases_abstractas/BasicGalacticCollection.ts","statementMap":{"0":{"start":{"line":10,"column":27},"end":{"line":10,"column":null}},"1":{"start":{"line":17,"column":8},"end":{"line":17,"column":null}},"2":{"start":{"line":25,"column":8},"end":{"line":25,"column":null}},"3":{"start":{"line":25,"column":44},"end":{"line":25,"column":54}},"4":{"start":{"line":33,"column":8},"end":{"line":33,"column":null}},"5":{"start":{"line":42,"column":8},"end":{"line":42,"column":null}},"6":{"start":{"line":42,"column":40},"end":{"line":42,"column":66}}},"fnMap":{"0":{"name":"(anonymous_0)","decl":{"start":{"line":16,"column":4},"end":{"line":16,"column":12}},"loc":{"start":{"line":16,"column":27},"end":{"line":18,"column":null}},"line":16},"1":{"name":"(anonymous_1)","decl":{"start":{"line":24,"column":4},"end":{"line":24,"column":15}},"loc":{"start":{"line":24,"column":30},"end":{"line":26,"column":null}},"line":24},"2":{"name":"(anonymous_2)","decl":{"start":{"line":25,"column":39},"end":{"line":25,"column":44}},"loc":{"start":{"line":25,"column":44},"end":{"line":25,"column":54}},"line":25},"3":{"name":"(anonymous_3)","decl":{"start":{"line":32,"column":4},"end":{"line":32,"column":20}},"loc":{"start":{"line":32,"column":20},"end":{"line":34,"column":null}},"line":32},"4":{"name":"(anonymous_4)","decl":{"start":{"line":41,"column":4},"end":{"line":41,"column":17}},"loc":{"start":{"line":41,"column":46},"end":{"line":43,"column":null}},"line":41},"5":{"name":"(anonymous_5)","decl":{"start":{"line":42,"column":31},"end":{"line":42,"column":40}},"loc":{"start":{"line":42,"column":40},"end":{"line":42,"column":66}},"line":42}},"branchMap":{},"s":{"0":63,"1":21,"2":3,"3":3,"4":6,"5":3,"6":3},"f":{"0":21,"1":3,"2":3,"3":6,"4":3,"5":3},"b":{},"meta":{"lastBranch":0,"lastFunction":6,"lastStatement":7,"seen":{"s:10:27:10:Infinity":0,"f:16:4:16:12":0,"s:17:8:17:Infinity":1,"f:24:4:24:15":1,"s:25:8:25:Infinity":2,"f:25:39:25:44":2,"s:25:44:25:54":3,"f:32:4:32:20":3,"s:33:8:33:Infinity":4,"f:41:4:41:17":4,"s:42:8:42:Infinity":5,"f:42:31:42:40":5,"s:42:40:42:66":6}}}
,"/home/usuario/prct06-generics-solid-Sofiabethencourt/src/ejercicio-1/collections/HolocronCollection.ts": {"path":"/home/usuario/prct06-generics-solid-Sofiabethencourt/src/ejercicio-1/collections/HolocronCollection.ts","statementMap":{"0":{"start":{"line":20,"column":16},"end":{"line":20,"column":null}},"1":{"start":{"line":20,"column":53},"end":{"line":20,"column":75}},"2":{"start":{"line":29,"column":16},"end":{"line":29,"column":null}},"3":{"start":{"line":29,"column":53},"end":{"line":29,"column":97}},"4":{"start":{"line":39,"column":16},"end":{"line":39,"column":null}},"5":{"start":{"line":49,"column":16},"end":{"line":49,"column":null}}},"fnMap":{"0":{"name":"(anonymous_0)","decl":{"start":{"line":19,"column":8},"end":{"line":19,"column":21}},"loc":{"start":{"line":19,"column":47},"end":{"line":21,"column":null}},"line":19},"1":{"name":"(anonymous_1)","decl":{"start":{"line":20,"column":41},"end":{"line":20,"column":53}},"loc":{"start":{"line":20,"column":53},"end":{"line":20,"column":75}},"line":20},"2":{"name":"(anonymous_2)","decl":{"start":{"line":28,"column":8},"end":{"line":28,"column":31}},"loc":{"start":{"line":28,"column":68},"end":{"line":30,"column":null}},"line":28},"3":{"name":"(anonymous_3)","decl":{"start":{"line":29,"column":41},"end":{"line":29,"column":53}},"loc":{"start":{"line":29,"column":53},"end":{"line":29,"column":97}},"line":29},"4":{"name":"(anonymous_4)","decl":{"start":{"line":38,"column":8},"end":{"line":38,"column":22}},"loc":{"start":{"line":38,"column":49},"end":{"line":40,"column":null}},"line":38},"5":{"name":"(anonymous_5)","decl":{"start":{"line":48,"column":8},"end":{"line":48,"column":28}},"loc":{"start":{"line":48,"column":61},"end":{"line":50,"column":null}},"line":48}},"branchMap":{},"s":{"0":1,"1":1,"2":1,"3":1,"4":1,"5":1},"f":{"0":1,"1":1,"2":1,"3":1,"4":1,"5":1},"b":{},"meta":{"lastBranch":0,"lastFunction":6,"lastStatement":6,"seen":{"f:19:8:19:21":0,"s:20:16:20:Infinity":0,"f:20:41:20:53":1,"s:20:53:20:75":1,"f:28:8:28:31":2,"s:29:16:29:Infinity":2,"f:29:41:29:53":3,"s:29:53:29:97":3,"f:38:8:38:22":4,"s:39:16:39:Infinity":4,"f:48:8:48:28":5,"s:49:16:49:Infinity":5}}}
,"/home/usuario/prct06-generics-solid-Sofiabethencourt/src/ejercicio-1/collections/JediMasterCollection.ts": {"path":"/home/usuario/prct06-generics-solid-Sofiabethencourt/src/ejercicio-1/collections/JediMasterCollection.ts","statementMap":{"0":{"start":{"line":23,"column":16},"end":{"line":23,"column":null}},"1":{"start":{"line":23,"column":49},"end":{"line":23,"column":68}},"2":{"start":{"line":33,"column":16},"end":{"line":33,"column":null}},"3":{"start":{"line":33,"column":49},"end":{"line":33,"column":81}},"4":{"start":{"line":43,"column":16},"end":{"line":43,"column":null}},"5":{"start":{"line":43,"column":49},"end":{"line":43,"column":89}},"6":{"start":{"line":53,"column":16},"end":{"line":53,"column":null}},"7":{"start":{"line":53,"column":49},"end":{"line":53,"column":67}}},"fnMap":{"0":{"name":"(anonymous_0)","decl":{"start":{"line":22,"column":8},"end":{"line":22,"column":22}},"loc":{"start":{"line":22,"column":51},"end":{"line":24,"column":null}},"line":22},"1":{"name":"(anonymous_1)","decl":{"start":{"line":23,"column":41},"end":{"line":23,"column":49}},"loc":{"start":{"line":23,"column":49},"end":{"line":23,"column":68}},"line":23},"2":{"name":"(anonymous_2)","decl":{"start":{"line":32,"column":8},"end":{"line":32,"column":28}},"loc":{"start":{"line":32,"column":63},"end":{"line":34,"column":null}},"line":32},"3":{"name":"(anonymous_3)","decl":{"start":{"line":33,"column":41},"end":{"line":33,"column":49}},"loc":{"start":{"line":33,"column":49},"end":{"line":33,"column":81}},"line":33},"4":{"name":"(anonymous_4)","decl":{"start":{"line":42,"column":8},"end":{"line":42,"column":31}},"loc":{"start":{"line":42,"column":70},"end":{"line":44,"column":null}},"line":42},"5":{"name":"(anonymous_5)","decl":{"start":{"line":43,"column":41},"end":{"line":43,"column":49}},"loc":{"start":{"line":43,"column":49},"end":{"line":43,"column":89}},"line":43},"6":{"name":"(anonymous_6)","decl":{"start":{"line":52,"column":8},"end":{"line":52,"column":21}},"loc":{"start":{"line":52,"column":49},"end":{"line":54,"column":null}},"line":52},"7":{"name":"(anonymous_7)","decl":{"start":{"line":53,"column":41},"end":{"line":53,"column":49}},"loc":{"start":{"line":53,"column":49},"end":{"line":53,"column":67}},"line":53}},"branchMap":{},"s":{"0":1,"1":1,"2":1,"3":1,"4":1,"5":1,"6":1,"7":1},"f":{"0":1,"1":1,"2":1,"3":1,"4":1,"5":1,"6":1,"7":1},"b":{},"meta":{"lastBranch":0,"lastFunction":8,"lastStatement":8,"seen":{"f:22:8:22:22":0,"s:23:16:23:Infinity":0,"f:23:41:23:49":1,"s:23:49:23:68":1,"f:32:8:32:28":2,"s:33:16:33:Infinity":2,"f:33:41:33:49":3,"s:33:49:33:81":3,"f:42:8:42:31":4,"s:43:16:43:Infinity":4,"f:43:41:43:49":5,"s:43:49:43:89":5,"f:52:8:52:21":6,"s:53:16:53:Infinity":6,"f:53:41:53:49":7,"s:53:49:53:67":7}}}
,"/home/usuario/prct06-generics-solid-Sofiabethencourt/src/ejercicio-1/collections/StarshipCollection.ts": {"path":"/home/usuario/prct06-generics-solid-Sofiabethencourt/src/ejercicio-1/collections/StarshipCollection.ts","statementMap":{"0":{"start":{"line":22,"column":16},"end":{"line":22,"column":null}},"1":{"start":{"line":22,"column":53},"end":{"line":22,"column":89}},"2":{"start":{"line":32,"column":16},"end":{"line":32,"column":null}},"3":{"start":{"line":32,"column":53},"end":{"line":32,"column":75}},"4":{"start":{"line":42,"column":16},"end":{"line":42,"column":null}},"5":{"start":{"line":42,"column":53},"end":{"line":42,"column":97}},"6":{"start":{"line":52,"column":16},"end":{"line":52,"column":null}}},"fnMap":{"0":{"name":"(anonymous_0)","decl":{"start":{"line":21,"column":8},"end":{"line":21,"column":28}},"loc":{"start":{"line":21,"column":61},"end":{"line":23,"column":null}},"line":21},"1":{"name":"(anonymous_1)","decl":{"start":{"line":22,"column":41},"end":{"line":22,"column":53}},"loc":{"start":{"line":22,"column":53},"end":{"line":22,"column":89}},"line":22},"2":{"name":"(anonymous_2)","decl":{"start":{"line":31,"column":8},"end":{"line":31,"column":21}},"loc":{"start":{"line":31,"column":47},"end":{"line":33,"column":null}},"line":31},"3":{"name":"(anonymous_3)","decl":{"start":{"line":32,"column":41},"end":{"line":32,"column":53}},"loc":{"start":{"line":32,"column":53},"end":{"line":32,"column":75}},"line":32},"4":{"name":"(anonymous_4)","decl":{"start":{"line":41,"column":8},"end":{"line":41,"column":31}},"loc":{"start":{"line":41,"column":68},"end":{"line":43,"column":null}},"line":41},"5":{"name":"(anonymous_5)","decl":{"start":{"line":42,"column":41},"end":{"line":42,"column":53}},"loc":{"start":{"line":42,"column":53},"end":{"line":42,"column":97}},"line":42},"6":{"name":"(anonymous_6)","decl":{"start":{"line":51,"column":8},"end":{"line":51,"column":22}},"loc":{"start":{"line":51,"column":49},"end":{"line":53,"column":null}},"line":51}},"branchMap":{},"s":{"0":1,"1":1,"2":1,"3":1,"4":1,"5":1,"6":1},"f":{"0":1,"1":1,"2":1,"3":1,"4":1,"5":1,"6":1},"b":{},"meta":{"lastBranch":0,"lastFunction":7,"lastStatement":7,"seen":{"f:21:8:21:28":0,"s:22:16:22:Infinity":0,"f:22:41:22:53":1,"s:22:53:22:89":1,"f:31:8:31:21":2,"s:32:16:32:Infinity":2,"f:32:41:32:53":3,"s:32:53:32:75":3,"f:41:8:41:31":4,"s:42:16:42:Infinity":4,"f:42:41:42:53":5,"s:42:53:42:97":5,"f:51:8:51:22":6,"s:52:16:52:Infinity":6}}}
,"/home/usuario/prct06-generics-solid-Sofiabethencourt/src/ejercicio-1/interfaces/GalacticRegistry.ts": {"path":"/home/usuario/prct06-generics-solid-Sofiabethencourt/src/ejercicio-1/interfaces/GalacticRegistry.ts","statementMap":{},"fnMap":{},"branchMap":{},"s":{},"f":{},"b":{},"meta":{"lastBranch":0,"lastFunction":0,"lastStatement":0,"seen":{}}}
,"/home/usuario/prct06-generics-solid-Sofiabethencourt/src/ejercicio-1/interfaces/SearchByAffiliation.ts": {"path":"/home/usuario/prct06-generics-solid-Sofiabethencourt/src/ejercicio-1/interfaces/SearchByAffiliation.ts","statementMap":{},"fnMap":{},"branchMap":{},"s":{},"f":{},"b":{},"meta":{"lastBranch":0,"lastFunction":0,"lastStatement":0,"seen":{}}}
,"/home/usuario/prct06-generics-solid-Sofiabethencourt/src/ejercicio-1/interfaces/SearchByName.ts": {"path":"/home/usuario/prct06-generics-solid-Sofiabethencourt/src/ejercicio-1/interfaces/SearchByName.ts","statementMap":{},"fnMap":{},"branchMap":{},"s":{},"f":{},"b":{},"meta":{"lastBranch":0,"lastFunction":0,"lastStatement":0,"seen":{}}}
,"/home/usuario/prct06-generics-solid-Sofiabethencourt/src/ejercicio-1/interfaces/SearchByOriginalPlanet.ts": {"path":"/home/usuario/prct06-generics-solid-Sofiabethencourt/src/ejercicio-1/interfaces/SearchByOriginalPlanet.ts","statementMap":{},"fnMap":{},"branchMap":{},"s":{},"f":{},"b":{},"meta":{"lastBranch":0,"lastFunction":0,"lastStatement":0,"seen":{}}}
,"/home/usuario/prct06-generics-solid-Sofiabethencourt/src/ejercicio-1/interfaces/SearchByPower.ts": {"path":"/home/usuario/prct06-generics-solid-Sofiabethencourt/src/ejercicio-1/interfaces/SearchByPower.ts","statementMap":{},"fnMap":{},"branchMap":{},"s":{},"f":{},"b":{},"meta":{"lastBranch":0,"lastFunction":0,"lastStatement":0,"seen":{}}}
,"/home/usuario/prct06-generics-solid-Sofiabethencourt/src/ejercicio-1/interfaces/SearchByYear.ts": {"path":"/home/usuario/prct06-generics-solid-Sofiabethencourt/src/ejercicio-1/interfaces/SearchByYear.ts","statementMap":{},"fnMap":{},"branchMap":{},"s":{},"f":{},"b":{},"meta":{"lastBranch":0,"lastFunction":0,"lastStatement":0,"seen":{}}}
,"/home/usuario/prct06-generics-solid-Sofiabethencourt/src/ejercicio-2/Busquedas/SeachChef.ts": {"path":"/home/usuario/prct06-generics-solid-Sofiabethencourt/src/ejercicio-2/Busquedas/SeachChef.ts","statementMap":{"0":{"start":{"line":8,"column":23},"end":{"line":8,"column":54}},"1":{"start":{"line":11,"column":8},"end":{"line":11,"column":null}},"2":{"start":{"line":11,"column":59},"end":{"line":11,"column":84}},"3":{"start":{"line":15,"column":8},"end":{"line":15,"column":null}},"4":{"start":{"line":15,"column":59},"end":{"line":15,"column":110}}},"fnMap":{"0":{"name":"(anonymous_0)","decl":{"start":{"line":8,"column":4},"end":{"line":8,"column":23}},"loc":{"start":{"line":8,"column":54},"end":{"line":8,"column":null}},"line":8},"1":{"name":"(anonymous_1)","decl":{"start":{"line":10,"column":4},"end":{"line":10,"column":20}},"loc":{"start":{"line":10,"column":47},"end":{"line":12,"column":null}},"line":10},"2":{"name":"(anonymous_2)","decl":{"start":{"line":11,"column":54},"end":{"line":11,"column":59}},"loc":{"start":{"line":11,"column":59},"end":{"line":11,"column":84}},"line":11},"3":{"name":"(anonymous_3)","decl":{"start":{"line":14,"column":4},"end":{"line":14,"column":15}},"loc":{"start":{"line":14,"column":37},"end":{"line":16,"column":null}},"line":14},"4":{"name":"(anonymous_4)","decl":{"start":{"line":15,"column":54},"end":{"line":15,"column":59}},"loc":{"start":{"line":15,"column":59},"end":{"line":15,"column":110}},"line":15}},"branchMap":{},"s":{"0":6,"1":1,"2":2,"3":1,"4":2},"f":{"0":6,"1":1,"2":2,"3":1,"4":2},"b":{},"meta":{"lastBranch":0,"lastFunction":5,"lastStatement":5,"seen":{"f:8:4:8:23":0,"s:8:23:8:54":0,"f:10:4:10:20":1,"s:11:8:11:Infinity":1,"f:11:54:11:59":2,"s:11:59:11:84":2,"f:14:4:14:15":3,"s:15:8:15:Infinity":3,"f:15:54:15:59":4,"s:15:59:15:110":4}}}
,"/home/usuario/prct06-generics-solid-Sofiabethencourt/src/ejercicio-2/Busquedas/SearchPaso.ts": {"path":"/home/usuario/prct06-generics-solid-Sofiabethencourt/src/ejercicio-2/Busquedas/SearchPaso.ts","statementMap":{"0":{"start":{"line":9,"column":23},"end":{"line":9,"column":54}},"1":{"start":{"line":12,"column":8},"end":{"line":12,"column":null}},"2":{"start":{"line":12,"column":59},"end":{"line":12,"column":97}},"3":{"start":{"line":12,"column":78},"end":{"line":12,"column":96}},"4":{"start":{"line":16,"column":8},"end":{"line":16,"column":null}},"5":{"start":{"line":16,"column":59},"end":{"line":16,"column":110}},"6":{"start":{"line":20,"column":8},"end":{"line":20,"column":null}},"7":{"start":{"line":20,"column":59},"end":{"line":20,"column":86}}},"fnMap":{"0":{"name":"(anonymous_0)","decl":{"start":{"line":9,"column":4},"end":{"line":9,"column":23}},"loc":{"start":{"line":9,"column":54},"end":{"line":9,"column":null}},"line":9},"1":{"name":"(anonymous_1)","decl":{"start":{"line":11,"column":4},"end":{"line":11,"column":15}},"loc":{"start":{"line":11,"column":39},"end":{"line":13,"column":null}},"line":11},"2":{"name":"(anonymous_2)","decl":{"start":{"line":12,"column":54},"end":{"line":12,"column":59}},"loc":{"start":{"line":12,"column":59},"end":{"line":12,"column":97}},"line":12},"3":{"name":"(anonymous_3)","decl":{"start":{"line":12,"column":71},"end":{"line":12,"column":78}},"loc":{"start":{"line":12,"column":78},"end":{"line":12,"column":96}},"line":12},"4":{"name":"(anonymous_4)","decl":{"start":{"line":15,"column":4},"end":{"line":15,"column":15}},"loc":{"start":{"line":15,"column":37},"end":{"line":17,"column":null}},"line":15},"5":{"name":"(anonymous_5)","decl":{"start":{"line":16,"column":54},"end":{"line":16,"column":59}},"loc":{"start":{"line":16,"column":59},"end":{"line":16,"column":110}},"line":16},"6":{"name":"(anonymous_6)","decl":{"start":{"line":19,"column":4},"end":{"line":19,"column":22}},"loc":{"start":{"line":19,"column":49},"end":{"line":21,"column":null}},"line":19},"7":{"name":"(anonymous_7)","decl":{"start":{"line":20,"column":54},"end":{"line":20,"column":59}},"loc":{"start":{"line":20,"column":59},"end":{"line":20,"column":86}},"line":20}},"branchMap":{},"s":{"0":9,"1":1,"2":2,"3":1,"4":1,"5":2,"6":1,"7":2},"f":{"0":9,"1":1,"2":2,"3":1,"4":1,"5":2,"6":1,"7":2},"b":{},"meta":{"lastBranch":0,"lastFunction":8,"lastStatement":8,"seen":{"f:9:4:9:23":0,"s:9:23:9:54":0,"f:11:4:11:15":1,"s:12:8:12:Infinity":1,"f:12:54:12:59":2,"s:12:59:12:97":2,"f:12:71:12:78":3,"s:12:78:12:96":3,"f:15:4:15:15":4,"s:16:8:16:Infinity":4,"f:16:54:16:59":5,"s:16:59:16:110":5,"f:19:4:19:22":6,"s:20:8:20:Infinity":6,"f:20:54:20:59":7,"s:20:59:20:86":7}}}
,"/home/usuario/prct06-generics-solid-Sofiabethencourt/src/ejercicio-2/Busquedas/SearchReceta.ts": {"path":"/home/usuario/prct06-generics-solid-Sofiabethencourt/src/ejercicio-2/Busquedas/SearchReceta.ts","statementMap":{"0":{"start":{"line":8,"column":23},"end":{"line":8,"column":58}},"1":{"start":{"line":11,"column":8},"end":{"line":11,"column":null}},"2":{"start":{"line":11,"column":63},"end":{"line":11,"column":86}},"3":{"start":{"line":15,"column":8},"end":{"line":15,"column":null}},"4":{"start":{"line":15,"column":63},"end":{"line":15,"column":114}}},"fnMap":{"0":{"name":"(anonymous_0)","decl":{"start":{"line":8,"column":4},"end":{"line":8,"column":23}},"loc":{"start":{"line":8,"column":58},"end":{"line":8,"column":null}},"line":8},"1":{"name":"(anonymous_1)","decl":{"start":{"line":10,"column":4},"end":{"line":10,"column":20}},"loc":{"start":{"line":10,"column":44},"end":{"line":12,"column":null}},"line":10},"2":{"name":"(anonymous_2)","decl":{"start":{"line":11,"column":58},"end":{"line":11,"column":63}},"loc":{"start":{"line":11,"column":63},"end":{"line":11,"column":86}},"line":11},"3":{"name":"(anonymous_3)","decl":{"start":{"line":14,"column":4},"end":{"line":14,"column":15}},"loc":{"start":{"line":14,"column":39},"end":{"line":16,"column":null}},"line":14},"4":{"name":"(anonymous_4)","decl":{"start":{"line":15,"column":58},"end":{"line":15,"column":63}},"loc":{"start":{"line":15,"column":63},"end":{"line":15,"column":114}},"line":15}},"branchMap":{},"s":{"0":6,"1":1,"2":2,"3":1,"4":2},"f":{"0":6,"1":1,"2":2,"3":1,"4":2},"b":{},"meta":{"lastBranch":0,"lastFunction":5,"lastStatement":5,"seen":{"f:8:4:8:23":0,"s:8:23:8:58":0,"f:10:4:10:20":1,"s:11:8:11:Infinity":1,"f:11:58:11:63":2,"s:11:63:11:86":2,"f:14:4:14:15":3,"s:15:8:15:Infinity":3,"f:15:58:15:63":4,"s:15:63:15:114":4}}}
,"/home/usuario/prct06-generics-solid-Sofiabethencourt/src/ejercicio-2/Herramientas/PasoConHerramienta.ts": {"path":"/home/usuario/prct06-generics-solid-Sofiabethencourt/src/ejercicio-2/Herramientas/PasoConHerramienta.ts","statementMap":{"0":{"start":{"line":18,"column":8},"end":{"line":18,"column":null}},"1":{"start":{"line":16,"column":23},"end":{"line":16,"column":46}},"2":{"start":{"line":16,"column":46},"end":{"line":16,"column":71}},"3":{"start":{"line":16,"column":71},"end":{"line":16,"column":94}},"4":{"start":{"line":16,"column":94},"end":{"line":16,"column":null}},"5":{"start":{"line":17,"column":23},"end":{"line":17,"column":51}},"6":{"start":{"line":17,"column":51},"end":{"line":17,"column":77}}},"fnMap":{"0":{"name":"(anonymous_0)","decl":{"start":{"line":16,"column":4},"end":{"line":16,"column":23}},"loc":{"start":{"line":17,"column":77},"end":{"line":19,"column":null}},"line":17}},"branchMap":{},"s":{"0":1,"1":1,"2":1,"3":1,"4":1,"5":1,"6":1},"f":{"0":1},"b":{},"meta":{"lastBranch":0,"lastFunction":1,"lastStatement":7,"seen":{"f:16:4:16:23":0,"s:18:8:18:Infinity":0,"s:16:23:16:46":1,"s:16:46:16:71":2,"s:16:71:16:94":3,"s:16:94:16:Infinity":4,"s:17:23:17:51":5,"s:17:51:17:77":6}}}
,"/home/usuario/prct06-generics-solid-Sofiabethencourt/src/ejercicio-2/Herramientas/PasoConTemperatura.ts": {"path":"/home/usuario/prct06-generics-solid-Sofiabethencourt/src/ejercicio-2/Herramientas/PasoConTemperatura.ts","statementMap":{"0":{"start":{"line":18,"column":8},"end":{"line":18,"column":null}},"1":{"start":{"line":16,"column":23},"end":{"line":16,"column":46}},"2":{"start":{"line":16,"column":46},"end":{"line":16,"column":71}},"3":{"start":{"line":16,"column":71},"end":{"line":16,"column":94}},"4":{"start":{"line":16,"column":94},"end":{"line":16,"column":null}},"5":{"start":{"line":17,"column":23},"end":{"line":17,"column":51}},"6":{"start":{"line":17,"column":51},"end":{"line":17,"column":77}}},"fnMap":{"0":{"name":"(anonymous_0)","decl":{"start":{"line":16,"column":4},"end":{"line":16,"column":23}},"loc":{"start":{"line":17,"column":77},"end":{"line":19,"column":null}},"line":17}},"branchMap":{},"s":{"0":1,"1":1,"2":1,"3":1,"4":1,"5":1,"6":1},"f":{"0":1},"b":{},"meta":{"lastBranch":0,"lastFunction":1,"lastStatement":7,"seen":{"f:16:4:16:23":0,"s:18:8:18:Infinity":0,"s:16:23:16:46":1,"s:16:46:16:71":2,"s:16:71:16:94":3,"s:16:94:16:Infinity":4,"s:17:23:17:51":5,"s:17:51:17:77":6}}}
,"/home/usuario/prct06-generics-solid-Sofiabethencourt/src/ejercicio-2/Servicios/recipeTimeEstimator.ts": {"path":"/home/usuario/prct06-generics-solid-Sofiabethencourt/src/ejercicio-2/Servicios/recipeTimeEstimator.ts","statementMap":{"0":{"start":{"line":12,"column":8},"end":{"line":12,"column":null}},"1":{"start":{"line":21,"column":30},"end":{"line":21,"column":null}},"2":{"start":{"line":22,"column":30},"end":{"line":22,"column":null}},"3":{"start":{"line":23,"column":8},"end":{"line":28,"column":null}},"4":{"start":{"line":24,"column":12},"end":{"line":24,"column":null}},"5":{"start":{"line":25,"column":12},"end":{"line":27,"column":null}},"6":{"start":{"line":26,"column":16},"end":{"line":26,"column":null}},"7":{"start":{"line":29,"column":8},"end":{"line":29,"column":null}}},"fnMap":{"0":{"name":"(anonymous_0)","decl":{"start":{"line":11,"column":11},"end":{"line":11,"column":20}},"loc":{"start":{"line":11,"column":44},"end":{"line":13,"column":null}},"line":11},"1":{"name":"(anonymous_1)","decl":{"start":{"line":20,"column":11},"end":{"line":20,"column":24}},"loc":{"start":{"line":20,"column":50},"end":{"line":30,"column":null}},"line":20},"2":{"name":"(anonymous_2)","decl":{"start":{"line":23,"column":29},"end":{"line":23,"column":34}},"loc":{"start":{"line":23,"column":34},"end":{"line":28,"column":9}},"line":23}},"branchMap":{"0":{"loc":{"start":{"line":25,"column":12},"end":{"line":27,"column":null}},"type":"if","locations":[{"start":{"line":25,"column":12},"end":{"line":27,"column":null}},{"start":{},"end":{}}],"line":25}},"s":{"0":1,"1":1,"2":1,"3":1,"4":2,"5":2,"6":1,"7":1},"f":{"0":1,"1":1,"2":2},"b":{"0":[1,1]},"meta":{"lastBranch":1,"lastFunction":3,"lastStatement":8,"seen":{"f:11:11:11:20":0,"s:12:8:12:Infinity":0,"f:20:11:20:24":1,"s:21:30:21:Infinity":1,"s:22:30:22:Infinity":2,"s:23:8:28:Infinity":3,"f:23:29:23:34":2,"s:24:12:24:Infinity":4,"b:25:12:27:Infinity:undefined:undefined:undefined:undefined":0,"s:25:12:27:Infinity":5,"s:26:16:26:Infinity":6,"s:29:8:29:Infinity":7}}}
,"/home/usuario/prct06-generics-solid-Sofiabethencourt/src/ejercicio-2/Servicios/tablePresenter.ts": {"path":"/home/usuario/prct06-generics-solid-Sofiabethencourt/src/ejercicio-2/Servicios/tablePresenter.ts","statementMap":{"0":{"start":{"line":12,"column":8},"end":{"line":12,"column":null}}},"fnMap":{"0":{"name":"(anonymous_0)","decl":{"start":{"line":11,"column":11},"end":{"line":11,"column":24}},"loc":{"start":{"line":11,"column":41},"end":{"line":13,"column":null}},"line":11}},"branchMap":{},"s":{"0":2},"f":{"0":2},"b":{},"meta":{"lastBranch":0,"lastFunction":1,"lastStatement":1,"seen":{"f:11:11:11:24":0,"s:12:8:12:Infinity":0}}}
,"/home/usuario/prct06-generics-solid-Sofiabethencourt/src/ejercicio-2/clases/chef.ts": {"path":"/home/usuario/prct06-generics-solid-Sofiabethencourt/src/ejercicio-2/clases/chef.ts","statementMap":{"0":{"start":{"line":14,"column":23},"end":{"line":14,"column":46}},"1":{"start":{"line":14,"column":46},"end":{"line":14,"column":73}},"2":{"start":{"line":14,"column":73},"end":{"line":14,"column":94}}},"fnMap":{"0":{"name":"(anonymous_0)","decl":{"start":{"line":14,"column":4},"end":{"line":14,"column":23}},"loc":{"start":{"line":14,"column":94},"end":{"line":14,"column":null}},"line":14}},"branchMap":{},"s":{"0":14,"1":14,"2":14},"f":{"0":14},"b":{},"meta":{"lastBranch":0,"lastFunction":1,"lastStatement":3,"seen":{"f:14:4:14:23":0,"s:14:23:14:46":0,"s:14:46:14:73":1,"s:14:73:14:94":2}}}
,"/home/usuario/prct06-generics-solid-Sofiabethencourt/src/ejercicio-2/clases/pasos.ts": {"path":"/home/usuario/prct06-generics-solid-Sofiabethencourt/src/ejercicio-2/clases/pasos.ts","statementMap":{"0":{"start":{"line":17,"column":23},"end":{"line":17,"column":46}},"1":{"start":{"line":17,"column":46},"end":{"line":17,"column":71}},"2":{"start":{"line":17,"column":71},"end":{"line":17,"column":94}},"3":{"start":{"line":17,"column":94},"end":{"line":17,"column":null}},"4":{"start":{"line":18,"column":23},"end":{"line":18,"column":49}}},"fnMap":{"0":{"name":"(anonymous_0)","decl":{"start":{"line":17,"column":4},"end":{"line":17,"column":23}},"loc":{"start":{"line":18,"column":49},"end":{"line":18,"column":null}},"line":18}},"branchMap":{},"s":{"0":24,"1":24,"2":24,"3":24,"4":24},"f":{"0":24},"b":{},"meta":{"lastBranch":0,"lastFunction":1,"lastStatement":5,"seen":{"f:17:4:17:23":0,"s:17:23:17:46":0,"s:17:46:17:71":1,"s:17:71:17:94":2,"s:17:94:17:Infinity":3,"s:18:23:18:49":4}}}
,"/home/usuario/prct06-generics-solid-Sofiabethencourt/src/ejercicio-2/clases/receta.ts": {"path":"/home/usuario/prct06-generics-solid-Sofiabethencourt/src/ejercicio-2/clases/receta.ts","statementMap":{"0":{"start":{"line":14,"column":23},"end":{"line":14,"column":46}},"1":{"start":{"line":14,"column":46},"end":{"line":14,"column":75}},"2":{"start":{"line":14,"column":75},"end":{"line":14,"column":89}}},"fnMap":{"0":{"name":"(anonymous_0)","decl":{"start":{"line":14,"column":4},"end":{"line":14,"column":23}},"loc":{"start":{"line":14,"column":89},"end":{"line":14,"column":null}},"line":14}},"branchMap":{},"s":{"0":14,"1":14,"2":14},"f":{"0":14},"b":{},"meta":{"lastBranch":0,"lastFunction":1,"lastStatement":3,"seen":{"f:14:4:14:23":0,"s:14:23:14:46":0,"s:14:46:14:75":1,"s:14:75:14:89":2}}}
,"/home/usuario/prct06-generics-solid-Sofiabethencourt/src/ejercicio-2/colecciones/ChefRepository.ts": {"path":"/home/usuario/prct06-generics-solid-Sofiabethencourt/src/ejercicio-2/colecciones/ChefRepository.ts","statementMap":{"0":{"start":{"line":5,"column":33},"end":{"line":5,"column":null}},"1":{"start":{"line":10,"column":8},"end":{"line":10,"column":null}},"2":{"start":{"line":14,"column":8},"end":{"line":14,"column":null}},"3":{"start":{"line":14,"column":56},"end":{"line":14,"column":70}},"4":{"start":{"line":18,"column":8},"end":{"line":18,"column":null}},"5":{"start":{"line":18,"column":42},"end":{"line":18,"column":57}},"6":{"start":{"line":22,"column":8},"end":{"line":22,"column":null}}},"fnMap":{"0":{"name":"(anonymous_0)","decl":{"start":{"line":7,"column":4},"end":{"line":7,"column":17}},"loc":{"start":{"line":7,"column":17},"end":{"line":7,"column":null}},"line":7},"1":{"name":"(anonymous_1)","decl":{"start":{"line":9,"column":4},"end":{"line":9,"column":8}},"loc":{"start":{"line":9,"column":25},"end":{"line":11,"column":null}},"line":9},"2":{"name":"(anonymous_2)","decl":{"start":{"line":13,"column":4},"end":{"line":13,"column":11}},"loc":{"start":{"line":13,"column":29},"end":{"line":15,"column":null}},"line":13},"3":{"name":"(anonymous_3)","decl":{"start":{"line":14,"column":51},"end":{"line":14,"column":56}},"loc":{"start":{"line":14,"column":56},"end":{"line":14,"column":70}},"line":14},"4":{"name":"(anonymous_4)","decl":{"start":{"line":17,"column":4},"end":{"line":17,"column":12}},"loc":{"start":{"line":17,"column":30},"end":{"line":19,"column":null}},"line":17},"5":{"name":"(anonymous_5)","decl":{"start":{"line":18,"column":37},"end":{"line":18,"column":42}},"loc":{"start":{"line":18,"column":42},"end":{"line":18,"column":57}},"line":18},"6":{"name":"(anonymous_6)","decl":{"start":{"line":21,"column":4},"end":{"line":21,"column":21}},"loc":{"start":{"line":21,"column":21},"end":{"line":23,"column":null}},"line":21}},"branchMap":{},"s":{"0":6,"1":7,"2":1,"3":1,"4":1,"5":1,"6":2},"f":{"0":6,"1":7,"2":1,"3":1,"4":1,"5":1,"6":2},"b":{},"meta":{"lastBranch":0,"lastFunction":7,"lastStatement":7,"seen":{"s:5:33:5:Infinity":0,"f:7:4:7:17":0,"f:9:4:9:8":1,"s:10:8:10:Infinity":1,"f:13:4:13:11":2,"s:14:8:14:Infinity":2,"f:14:51:14:56":3,"s:14:56:14:70":3,"f:17:4:17:12":4,"s:18:8:18:Infinity":4,"f:18:37:18:42":5,"s:18:42:18:57":5,"f:21:4:21:21":6,"s:22:8:22:Infinity":6}}}
,"/home/usuario/prct06-generics-solid-Sofiabethencourt/src/ejercicio-2/colecciones/PasosRepository.ts": {"path":"/home/usuario/prct06-generics-solid-Sofiabethencourt/src/ejercicio-2/colecciones/PasosRepository.ts","statementMap":{"0":{"start":{"line":5,"column":33},"end":{"line":5,"column":null}},"1":{"start":{"line":8,"column":8},"end":{"line":8,"column":null}},"2":{"start":{"line":12,"column":8},"end":{"line":12,"column":null}},"3":{"start":{"line":12,"column":56},"end":{"line":12,"column":71}},"4":{"start":{"line":16,"column":8},"end":{"line":16,"column":null}},"5":{"start":{"line":16,"column":42},"end":{"line":16,"column":57}},"6":{"start":{"line":20,"column":8},"end":{"line":20,"column":null}}},"fnMap":{"0":{"name":"(anonymous_0)","decl":{"start":{"line":7,"column":4},"end":{"line":7,"column":8}},"loc":{"start":{"line":7,"column":26},"end":{"line":9,"column":null}},"line":7},"1":{"name":"(anonymous_1)","decl":{"start":{"line":11,"column":4},"end":{"line":11,"column":11}},"loc":{"start":{"line":11,"column":29},"end":{"line":13,"column":null}},"line":11},"2":{"name":"(anonymous_2)","decl":{"start":{"line":12,"column":51},"end":{"line":12,"column":56}},"loc":{"start":{"line":12,"column":56},"end":{"line":12,"column":71}},"line":12},"3":{"name":"(anonymous_3)","decl":{"start":{"line":15,"column":4},"end":{"line":15,"column":12}},"loc":{"start":{"line":15,"column":30},"end":{"line":17,"column":null}},"line":15},"4":{"name":"(anonymous_4)","decl":{"start":{"line":16,"column":37},"end":{"line":16,"column":42}},"loc":{"start":{"line":16,"column":42},"end":{"line":16,"column":57}},"line":16},"5":{"name":"(anonymous_5)","decl":{"start":{"line":19,"column":4},"end":{"line":19,"column":21}},"loc":{"start":{"line":19,"column":21},"end":{"line":21,"column":null}},"line":19}},"branchMap":{},"s":{"0":9,"1":9,"2":1,"3":1,"4":1,"5":1,"6":2},"f":{"0":9,"1":1,"2":1,"3":1,"4":1,"5":2},"b":{},"meta":{"lastBranch":0,"lastFunction":6,"lastStatement":7,"seen":{"s:5:33:5:Infinity":0,"f:7:4:7:8":0,"s:8:8:8:Infinity":1,"f:11:4:11:11":1,"s:12:8:12:Infinity":2,"f:12:51:12:56":2,"s:12:56:12:71":3,"f:15:4:15:12":3,"s:16:8:16:Infinity":4,"f:16:37:16:42":4,"s:16:42:16:57":5,"f:19:4:19:21":5,"s:20:8:20:Infinity":6}}}
,"/home/usuario/prct06-generics-solid-Sofiabethencourt/src/ejercicio-2/colecciones/RecetaRepository.ts": {"path":"/home/usuario/prct06-generics-solid-Sofiabethencourt/src/ejercicio-2/colecciones/RecetaRepository.ts","statementMap":{"0":{"start":{"line":5,"column":37},"end":{"line":5,"column":null}},"1":{"start":{"line":8,"column":8},"end":{"line":8,"column":null}},"2":{"start":{"line":12,"column":8},"end":{"line":12,"column":null}},"3":{"start":{"line":12,"column":60},"end":{"line":12,"column":75}},"4":{"start":{"line":16,"column":8},"end":{"line":16,"column":null}},"5":{"start":{"line":16,"column":44},"end":{"line":16,"column":59}},"6":{"start":{"line":20,"column":8},"end":{"line":20,"column":null}}},"fnMap":{"0":{"name":"(anonymous_0)","decl":{"start":{"line":7,"column":4},"end":{"line":7,"column":8}},"loc":{"start":{"line":7,"column":28},"end":{"line":9,"column":null}},"line":7},"1":{"name":"(anonymous_1)","decl":{"start":{"line":11,"column":4},"end":{"line":11,"column":11}},"loc":{"start":{"line":11,"column":29},"end":{"line":13,"column":null}},"line":11},"2":{"name":"(anonymous_2)","decl":{"start":{"line":12,"column":55},"end":{"line":12,"column":60}},"loc":{"start":{"line":12,"column":60},"end":{"line":12,"column":75}},"line":12},"3":{"name":"(anonymous_3)","decl":{"start":{"line":15,"column":4},"end":{"line":15,"column":12}},"loc":{"start":{"line":15,"column":32},"end":{"line":17,"column":null}},"line":15},"4":{"name":"(anonymous_4)","decl":{"start":{"line":16,"column":39},"end":{"line":16,"column":44}},"loc":{"start":{"line":16,"column":44},"end":{"line":16,"column":59}},"line":16},"5":{"name":"(anonymous_5)","decl":{"start":{"line":19,"column":4},"end":{"line":19,"column":23}},"loc":{"start":{"line":19,"column":23},"end":{"line":21,"column":null}},"line":19}},"branchMap":{},"s":{"0":6,"1":7,"2":1,"3":1,"4":1,"5":1,"6":2},"f":{"0":7,"1":1,"2":1,"3":1,"4":1,"5":2},"b":{},"meta":{"lastBranch":0,"lastFunction":6,"lastStatement":7,"seen":{"s:5:37:5:Infinity":0,"f:7:4:7:8":0,"s:8:8:8:Infinity":1,"f:11:4:11:11":1,"s:12:8:12:Infinity":2,"f:12:55:12:60":2,"s:12:60:12:75":3,"f:15:4:15:12":3,"s:16:8:16:Infinity":4,"f:16:39:16:44":4,"s:16:44:16:59":5,"f:19:4:19:23":5,"s:20:8:20:Infinity":6}}}
,"/home/usuario/prct06-generics-solid-Sofiabethencourt/src/ejercicio-2/interfaces/Repository.ts": {"path":"/home/usuario/prct06-generics-solid-Sofiabethencourt/src/ejercicio-2/interfaces/Repository.ts","statementMap":{},"fnMap":{},"branchMap":{},"s":{},"f":{},"b":{},"meta":{"lastBranch":0,"lastFunction":0,"lastStatement":0,"seen":{}}}
,"/home/usuario/prct06-generics-solid-Sofiabethencourt/src/ejercicio-2/interfaces/SeachByTags.ts": {"path":"/home/usuario/prct06-generics-solid-Sofiabethencourt/src/ejercicio-2/interfaces/SeachByTags.ts","statementMap":{},"fnMap":{},"branchMap":{},"s":{},"f":{},"b":{},"meta":{"lastBranch":0,"lastFunction":0,"lastStatement":0,"seen":{}}}
,"/home/usuario/prct06-generics-solid-Sofiabethencourt/src/ejercicio-2/interfaces/SearchByFollowers.ts": {"path":"/home/usuario/prct06-generics-solid-Sofiabethencourt/src/ejercicio-2/interfaces/SearchByFollowers.ts","statementMap":{},"fnMap":{},"branchMap":{},"s":{},"f":{},"b":{},"meta":{"lastBranch":0,"lastFunction":0,"lastStatement":0,"seen":{}}}
,"/home/usuario/prct06-generics-solid-Sofiabethencourt/src/ejercicio-2/interfaces/SearchByName.ts": {"path":"/home/usuario/prct06-generics-solid-Sofiabethencourt/src/ejercicio-2/interfaces/SearchByName.ts","statementMap":{},"fnMap":{},"branchMap":{},"s":{},"f":{},"b":{},"meta":{"lastBranch":0,"lastFunction":0,"lastStatement":0,"seen":{}}}
,"/home/usuario/prct06-generics-solid-Sofiabethencourt/src/ejercicio-2/interfaces/SearchByOpcionality.ts": {"path":"/home/usuario/prct06-generics-solid-Sofiabethencourt/src/ejercicio-2/interfaces/SearchByOpcionality.ts","statementMap":{},"fnMap":{},"branchMap":{},"s":{},"f":{},"b":{},"meta":{"lastBranch":0,"lastFunction":0,"lastStatement":0,"seen":{}}}
,"/home/usuario/prct06-generics-solid-Sofiabethencourt/src/ejercicio-2/interfaces/SearchByYear.ts": {"path":"/home/usuario/prct06-generics-solid-Sofiabethencourt/src/ejercicio-2/interfaces/SearchByYear.ts","statementMap":{},"fnMap":{},"branchMap":{},"s":{},"f":{},"b":{},"meta":{"lastBranch":0,"lastFunction":0,"lastStatement":0,"seen":{}}}
,"/home/usuario/prct06-generics-solid-Sofiabethencourt/src/ejercicio-2/interfaces/TablePresenter.ts": {"path":"/home/usuario/prct06-generics-solid-Sofiabethencourt/src/ejercicio-2/interfaces/TablePresenter.ts","statementMap":{},"fnMap":{},"branchMap":{},"s":{},"f":{},"b":{},"meta":{"lastBranch":0,"lastFunction":0,"lastStatement":0,"seen":{}}}
,"/home/usuario/prct06-generics-solid-Sofiabethencourt/src/ejercicio-2/interfaces/elementosChef.ts": {"path":"/home/usuario/prct06-generics-solid-Sofiabethencourt/src/ejercicio-2/interfaces/elementosChef.ts","statementMap":{},"fnMap":{},"branchMap":{},"s":{},"f":{},"b":{},"meta":{"lastBranch":0,"lastFunction":0,"lastStatement":0,"seen":{}}}
,"/home/usuario/prct06-generics-solid-Sofiabethencourt/src/ejercicio-2/interfaces/elementosPasos.ts": {"path":"/home/usuario/prct06-generics-solid-Sofiabethencourt/src/ejercicio-2/interfaces/elementosPasos.ts","statementMap":{},"fnMap":{},"branchMap":{},"s":{},"f":{},"b":{},"meta":{"lastBranch":0,"lastFunction":0,"lastStatement":0,"seen":{}}}
,"/home/usuario/prct06-generics-solid-Sofiabethencourt/src/ejercicio-2/interfaces/elementosReceta.ts": {"path":"/home/usuario/prct06-generics-solid-Sofiabethencourt/src/ejercicio-2/interfaces/elementosReceta.ts","statementMap":{},"fnMap":{},"branchMap":{},"s":{},"f":{},"b":{},"meta":{"lastBranch":0,"lastFunction":0,"lastStatement":0,"seen":{}}}
}
